2026-04-09 22:43:56,374 - INFO - Analyzing stock: SUZLON.NS
2026-04-09 22:43:56,374 - INFO - Fetching current price for SUZLON.NS
2026-04-09 22:43:57,270 - INFO - Fetched from history: 44.22999954223633
2026-04-09 22:43:58,437 - INFO - Successfully fetched 60 rows for SUZLON.NS
2026-04-09 22:43:58,437 - INFO - Data columns: ['Open', 'High', 'Low', 'Close', 'Volume', 'Dividends', 'Stock Splits']
2026-04-09 22:43:58,441 - INFO - Data types: Open            float64
High            float64
Low             float64
Close           float64
Volume            int64
Dividends       float64
Stock Splits    float64
dtype: object
2026-04-09 22:43:58,448 - INFO - MACD: -0.1794, Signal: -0.7129, Hist: 0.5335
2026-04-09 22:43:58,452 - INFO - VWAP: 44.1780, Close: 44.2300, Ratio: 1.0012
2026-04-09 22:43:58,566 - INFO - Successfully fetched 60 rows for SUZLON.NS
2026-04-09 22:43:58,566 - INFO - Data columns: ['Open', 'High', 'Low', 'Close', 'Volume', 'Dividends', 'Stock Splits']
2026-04-09 22:43:58,566 - INFO - Data types: Open            float64
High            float64
Low             float64
Close           float64
Volume            int64
Dividends       float64
Stock Splits    float64
dtype: object
2026-04-09 22:43:58,575 - INFO - MACD: -0.1794, Signal: -0.7129, Hist: 0.5335
2026-04-09 22:43:58,580 - INFO - VWAP: 44.1780, Close: 44.2300, Ratio: 1.0012
2026-04-09 22:43:58,706 - INFO - Successfully fetched 60 rows for SUZLON.NS
2026-04-09 22:43:58,706 - INFO - Data columns: ['Open', 'High', 'Low', 'Close', 'Volume', 'Dividends', 'Stock Splits']
2026-04-09 22:43:58,706 - INFO - Data types: Open            float64
High            float64
Low             float64
Close           float64
Volume            int64
Dividends       float64
Stock Splits    float64
dtype: object
2026-04-09 22:43:59,760 - WARNING - Error fetching from r/stocks: received 401 HTTP response
2026-04-09 22:44:01,363 - WARNING - Error fetching from r/investing: received 401 HTTP response
2026-04-09 22:44:02,198 - WARNING - Error fetching from r/wallstreetbets: received 401 HTTP response
2026-04-09 22:44:03,064 - WARNING - Error fetching from r/indianstreetbets: received 401 HTTP response
2026-04-09 22:44:03,786 - ERROR - Error fetching news articles: {'status': 'error', 'code': 'rateLimited', 'message': 'You have made too many requests recently. Developer accounts are limited to 100 requests over a 24 hour period (50 requests available every 12 hours). Please upgrade to a paid plan if you need more requests.'}
2026-04-09 22:44:05,404 - ERROR - Reddit API error: received 401 HTTP response
2026-04-09 22:44:06,135 - ERROR - News API error: {'status': 'error', 'code': 'rateLimited', 'message': 'You have made too many requests recently. Developer accounts are limited to 100 requests over a 24 hour period (50 requests available every 12 hours). Please upgrade to a paid plan if you need more requests.'}
2026-04-09 22:49:21,343 - INFO - Analyzing stock: SUZLON.NS
2026-04-09 22:49:21,346 - INFO - Fetching current price for SUZLON.NS
2026-04-09 22:49:22,733 - INFO - Fetched from history: 44.22999954223633
2026-04-09 22:49:23,300 - INFO - Successfully fetched 60 rows for SUZLON.NS
2026-04-09 22:49:23,302 - INFO - Data columns: ['Open', 'High', 'Low', 'Close', 'Volume', 'Dividends', 'Stock Splits']
2026-04-09 22:49:23,305 - INFO - Data types: Open            float64
High            float64
Low             float64
Close           float64
Volume            int64
Dividends       float64
Stock Splits    float64
dtype: object
2026-04-09 22:49:23,308 - INFO - MACD: -0.1794, Signal: -0.7129, Hist: 0.5335
2026-04-09 22:49:23,308 - INFO - VWAP: 44.1780, Close: 44.2300, Ratio: 1.0012
2026-04-09 22:49:23,409 - INFO - Successfully fetched 60 rows for SUZLON.NS
2026-04-09 22:49:23,409 - INFO - Data columns: ['Open', 'High', 'Low', 'Close', 'Volume', 'Dividends', 'Stock Splits']
2026-04-09 22:49:23,409 - INFO - Data types: Open            float64
High            float64
Low             float64
Close           float64
Volume            int64
Dividends       float64
Stock Splits    float64
dtype: object
2026-04-09 22:49:23,416 - INFO - MACD: -0.1794, Signal: -0.7129, Hist: 0.5335
2026-04-09 22:49:23,418 - INFO - VWAP: 44.1780, Close: 44.2300, Ratio: 1.0012
2026-04-09 22:49:23,511 - INFO - Successfully fetched 60 rows for SUZLON.NS
2026-04-09 22:49:23,511 - INFO - Data columns: ['Open', 'High', 'Low', 'Close', 'Volume', 'Dividends', 'Stock Splits']
2026-04-09 22:49:23,514 - INFO - Data types: Open            float64
High            float64
Low             float64
Close           float64
Volume            int64
Dividends       float64
Stock Splits    float64
dtype: object
2026-04-09 22:49:27,716 - WARNING - Error fetching from r/stocks: received 401 HTTP response
2026-04-09 22:49:28,847 - WARNING - Error fetching from r/investing: received 401 HTTP response
2026-04-09 22:49:29,909 - WARNING - Error fetching from r/wallstreetbets: received 401 HTTP response
2026-04-09 22:49:30,843 - WARNING - Error fetching from r/indianstreetbets: received 401 HTTP response
2026-04-09 22:49:31,664 - ERROR - Error fetching news articles: {'status': 'error', 'code': 'rateLimited', 'message': 'You have made too many requests recently. Developer accounts are limited to 100 requests over a 24 hour period (50 requests available every 12 hours). Please upgrade to a paid plan if you need more requests.'}
2026-04-09 22:49:33,382 - ERROR - Reddit API error: received 401 HTTP response
2026-04-09 22:49:34,292 - ERROR - News API error: {'status': 'error', 'code': 'rateLimited', 'message': 'You have made too many requests recently. Developer accounts are limited to 100 requests over a 24 hour period (50 requests available every 12 hours). Please upgrade to a paid plan if you need more requests.'}
2026-04-09 22:53:14,822 - INFO - Analyzing stock: SUZLON.NS
2026-04-09 22:53:14,827 - INFO - Fetching current price for SUZLON.NS
2026-04-09 22:53:15,807 - INFO - Fetched from history: 44.22999954223633
2026-04-09 22:53:16,503 - INFO - Successfully fetched 60 rows for SUZLON.NS
2026-04-09 22:53:16,503 - INFO - Data columns: ['Open', 'High', 'Low', 'Close', 'Volume', 'Dividends', 'Stock Splits']
2026-04-09 22:53:16,505 - INFO - Data types: Open            float64
High            float64
Low             float64
Close           float64
Volume            int64
Dividends       float64
Stock Splits    float64
dtype: object
2026-04-09 22:53:16,518 - INFO - MACD: -0.1794, Signal: -0.7129, Hist: 0.5335
2026-04-09 22:53:16,521 - INFO - VWAP: 44.1780, Close: 44.2300, Ratio: 1.0012
2026-04-09 22:53:16,638 - INFO - Successfully fetched 60 rows for SUZLON.NS
2026-04-09 22:53:16,638 - INFO - Data columns: ['Open', 'High', 'Low', 'Close', 'Volume', 'Dividends', 'Stock Splits']
2026-04-09 22:53:16,638 - INFO - Data types: Open            float64
High            float64
Low             float64
Close           float64
Volume            int64
Dividends       float64
Stock Splits    float64
dtype: object
2026-04-09 22:53:16,638 - INFO - MACD: -0.1794, Signal: -0.7129, Hist: 0.5335
2026-04-09 22:53:16,649 - INFO - VWAP: 44.1780, Close: 44.2300, Ratio: 1.0012
2026-04-09 22:53:16,760 - INFO - Successfully fetched 60 rows for SUZLON.NS
2026-04-09 22:53:16,760 - INFO - Data columns: ['Open', 'High', 'Low', 'Close', 'Volume', 'Dividends', 'Stock Splits']
2026-04-09 22:53:16,760 - INFO - Data types: Open            float64
High            float64
Low             float64
Close           float64
Volume            int64
Dividends       float64
Stock Splits    float64
dtype: object
2026-04-09 22:53:17,626 - WARNING - Error fetching from r/stocks: received 401 HTTP response
2026-04-09 22:53:18,636 - WARNING - Error fetching from r/investing: received 401 HTTP response
2026-04-09 22:53:19,400 - WARNING - Error fetching from r/wallstreetbets: received 401 HTTP response
2026-04-09 22:53:20,177 - WARNING - Error fetching from r/indianstreetbets: received 401 HTTP response
2026-04-09 22:53:22,606 - ERROR - Reddit API error: received 401 HTTP response
2026-04-12 14:22:42,048 - INFO - Analyzing stock: SUZLON.NS
2026-04-12 14:22:42,050 - INFO - Fetching current price for SUZLON.NS
2026-04-12 14:22:43,039 - INFO - Fetched from history: 45.31999969482422
2026-04-12 14:22:44,549 - INFO - Successfully fetched 60 rows for SUZLON.NS
2026-04-12 14:22:44,551 - INFO - Data columns: ['Open', 'High', 'Low', 'Close', 'Volume', 'Dividends', 'Stock Splits']
2026-04-12 14:22:44,552 - INFO - Data types: Open            float64
High            float64
Low             float64
Close           float64
Volume            int64
Dividends       float64
Stock Splits    float64
dtype: object
2026-04-12 14:22:44,559 - INFO - MACD: 0.0935, Signal: -0.5517, Hist: 0.6452
2026-04-12 14:22:44,559 - INFO - VWAP: 44.0823, Close: 45.3200, Ratio: 1.0281
2026-04-12 14:22:44,750 - INFO - Successfully fetched 60 rows for SUZLON.NS
2026-04-12 14:22:44,750 - INFO - Data columns: ['Open', 'High', 'Low', 'Close', 'Volume', 'Dividends', 'Stock Splits']
2026-04-12 14:22:44,752 - INFO - Data types: Open            float64
High            float64
Low             float64
Close           float64
Volume            int64
Dividends       float64
Stock Splits    float64
dtype: object
2026-04-12 14:22:44,753 - INFO - MACD: 0.0935, Signal: -0.5517, Hist: 0.6452
2026-04-12 14:22:44,753 - INFO - VWAP: 44.0823, Close: 45.3200, Ratio: 1.0281
2026-04-12 14:22:44,958 - INFO - Successfully fetched 60 rows for SUZLON.NS
2026-04-12 14:22:44,958 - INFO - Data columns: ['Open', 'High', 'Low', 'Close', 'Volume', 'Dividends', 'Stock Splits']
2026-04-12 14:22:44,959 - INFO - Data types: Open            float64
High            float64
Low             float64
Close           float64
Volume            int64
Dividends       float64
Stock Splits    float64
dtype: object
2026-04-12 14:22:45,972 - WARNING - Error fetching from r/stocks: received 401 HTTP response
2026-04-12 14:22:46,813 - WARNING - Error fetching from r/investing: received 401 HTTP response
2026-04-12 14:22:47,712 - WARNING - Error fetching from r/wallstreetbets: received 401 HTTP response
2026-04-12 14:22:48,534 - WARNING - Error fetching from r/indianstreetbets: received 401 HTTP response
2026-04-12 14:22:51,194 - ERROR - Reddit API error: received 401 HTTP response
2026-04-14 00:40:20,627 - INFO - Analyzing stock: SUZLON.NS
2026-04-14 00:40:20,629 - INFO - Fetching current price for SUZLON.NS
2026-04-14 00:40:24,665 - INFO - Fetched from history: 45.86000061035156
2026-04-14 00:40:26,094 - INFO - Successfully fetched 60 rows for SUZLON.NS
2026-04-14 00:40:26,094 - INFO - Data columns: ['Open', 'High', 'Low', 'Close', 'Volume', 'Dividends', 'Stock Splits']
2026-04-14 00:40:26,094 - INFO - Data types: Open            float64
High            float64
Low             float64
Close           float64
Volume            int64
Dividends       float64
Stock Splits    float64
dtype: object
2026-04-14 00:40:26,107 - INFO - MACD: 0.3113, Signal: -0.3728, Hist: 0.6840
2026-04-14 00:40:26,109 - INFO - VWAP: 44.0379, Close: 45.3200, Ratio: 1.0291
2026-04-14 00:40:26,203 - INFO - Successfully fetched 60 rows for SUZLON.NS
2026-04-14 00:40:26,203 - INFO - Data columns: ['Open', 'High', 'Low', 'Close', 'Volume', 'Dividends', 'Stock Splits']
2026-04-14 00:40:26,203 - INFO - Data types: Open            float64
High            float64
Low             float64
Close           float64
Volume            int64
Dividends       float64
Stock Splits    float64
dtype: object
2026-04-14 00:40:26,208 - INFO - MACD: 0.3113, Signal: -0.3728, Hist: 0.6840
2026-04-14 00:40:26,211 - INFO - VWAP: 44.0379, Close: 45.3200, Ratio: 1.0291
2026-04-14 00:40:26,402 - INFO - Successfully fetched 60 rows for SUZLON.NS
2026-04-14 00:40:26,402 - INFO - Data columns: ['Open', 'High', 'Low', 'Close', 'Volume', 'Dividends', 'Stock Splits']
2026-04-14 00:40:26,402 - INFO - Data types: Open            float64
High            float64
Low             float64
Close           float64
Volume            int64
Dividends       float64
Stock Splits    float64
dtype: object
2026-04-14 00:40:27,510 - WARNING - Error fetching from r/stocks: received 401 HTTP response
2026-04-14 00:40:28,358 - WARNING - Error fetching from r/investing: received 401 HTTP response
2026-04-14 00:40:29,148 - WARNING - Error fetching from r/wallstreetbets: received 401 HTTP response
2026-04-14 00:40:29,979 - WARNING - Error fetching from r/indianstreetbets: received 401 HTTP response
2026-04-14 00:40:32,424 - ERROR - Reddit API error: received 401 HTTP response
2026-04-14 00:41:10,439 - INFO - Analyzing stock: BEL.NS
2026-04-14 00:41:10,442 - INFO - Fetching current price for BEL.NS
2026-04-14 00:41:11,458 - INFO - Fetched from history: 441.54998779296875
2026-04-14 00:41:12,343 - INFO - Successfully fetched 60 rows for BEL.NS
2026-04-14 00:41:12,343 - INFO - Data columns: ['Open', 'High', 'Low', 'Close', 'Volume', 'Dividends', 'Stock Splits']
2026-04-14 00:41:12,343 - INFO - Data types: Open            float64
High            float64
Low             float64
Close           float64
Volume            int64
Dividends       float64
Stock Splits    float64
dtype: object
2026-04-14 00:41:12,349 - INFO - MACD: -0.1972, Signal: -3.2088, Hist: 3.0116
2026-04-14 00:41:12,355 - INFO - VWAP: 434.9755, Close: 442.4500, Ratio: 1.0172
2026-04-14 00:41:12,462 - INFO - Successfully fetched 60 rows for BEL.NS
2026-04-14 00:41:12,477 - INFO - Data columns: ['Open', 'High', 'Low', 'Close', 'Volume', 'Dividends', 'Stock Splits']
2026-04-14 00:41:12,477 - INFO - Data types: Open            float64
High            float64
Low             float64
Close           float64
Volume            int64
Dividends       float64
Stock Splits    float64
dtype: object
2026-04-14 00:41:12,477 - INFO - MACD: -0.1972, Signal: -3.2088, Hist: 3.0116
2026-04-14 00:41:12,477 - INFO - VWAP: 434.9755, Close: 442.4500, Ratio: 1.0172
2026-04-14 00:41:12,575 - INFO - Successfully fetched 60 rows for BEL.NS
2026-04-14 00:41:12,575 - INFO - Data columns: ['Open', 'High', 'Low', 'Close', 'Volume', 'Dividends', 'Stock Splits']
2026-04-14 00:41:12,575 - INFO - Data types: Open            float64
High            float64
Low             float64
Close           float64
Volume            int64
Dividends       float64
Stock Splits    float64
dtype: object
2026-04-14 00:41:13,488 - WARNING - Error fetching from r/stocks: received 401 HTTP response
2026-04-14 00:41:14,306 - WARNING - Error fetching from r/investing: received 401 HTTP response
2026-04-14 00:41:15,128 - WARNING - Error fetching from r/wallstreetbets: received 401 HTTP response
2026-04-14 00:41:16,147 - WARNING - Error fetching from r/indianstreetbets: received 401 HTTP response
2026-04-14 00:41:18,816 - ERROR - Reddit API error: received 401 HTTP response
2026-04-14 00:42:48,620 - INFO - Analyzing stock: MAHABANK.NS
2026-04-14 00:42:48,620 - INFO - Fetching current price for MAHABANK.NS
2026-04-14 00:42:50,152 - INFO - Fetched from history: 70.13999938964844
2026-04-14 00:42:50,756 - INFO - Successfully fetched 60 rows for MAHABANK.NS
2026-04-14 00:42:50,756 - INFO - Data columns: ['Open', 'High', 'Low', 'Close', 'Volume', 'Dividends', 'Stock Splits']
2026-04-14 00:42:50,758 - INFO - Data types: Open            float64
High            float64
Low             float64
Close           float64
Volume            int64
Dividends       float64
Stock Splits    float64
dtype: object
2026-04-14 00:42:50,762 - INFO - MACD: 0.7275, Signal: -0.1361, Hist: 0.8636
2026-04-14 00:42:50,762 - INFO - VWAP: 67.2172, Close: 70.5900, Ratio: 1.0502
2026-04-14 00:42:50,887 - INFO - Successfully fetched 60 rows for MAHABANK.NS
2026-04-14 00:42:50,887 - INFO - Data columns: ['Open', 'High', 'Low', 'Close', 'Volume', 'Dividends', 'Stock Splits']
2026-04-14 00:42:50,889 - INFO - Data types: Open            float64
High            float64
Low             float64
Close           float64
Volume            int64
Dividends       float64
Stock Splits    float64
dtype: object
2026-04-14 00:42:50,890 - INFO - MACD: 0.7275, Signal: -0.1361, Hist: 0.8636
2026-04-14 00:42:50,890 - INFO - VWAP: 67.2172, Close: 70.5900, Ratio: 1.0502
2026-04-14 00:42:51,073 - INFO - Successfully fetched 60 rows for MAHABANK.NS
2026-04-14 00:42:51,073 - INFO - Data columns: ['Open', 'High', 'Low', 'Close', 'Volume', 'Dividends', 'Stock Splits']
2026-04-14 00:42:51,073 - INFO - Data types: Open            float64
High            float64
Low             float64
Close           float64
Volume            int64
Dividends       float64
Stock Splits    float64
dtype: object
2026-04-14 00:42:52,089 - WARNING - Error fetching from r/stocks: received 401 HTTP response
2026-04-14 00:42:52,815 - WARNING - Error fetching from r/investing: received 401 HTTP response
2026-04-14 00:42:53,738 - WARNING - Error fetching from r/wallstreetbets: received 401 HTTP response
2026-04-14 00:42:54,560 - WARNING - Error fetching from r/indianstreetbets: received 401 HTTP response
2026-04-14 00:42:57,163 - ERROR - Reddit API error: received 401 HTTP response
2026-04-14 01:03:49,012 - INFO - Analyzing stock: BELRISE.NS
2026-04-14 01:03:49,014 - INFO - Fetching current price for BELRISE.NS
2026-04-14 01:03:50,243 - INFO - Fetched from history: 204.4199981689453
2026-04-14 01:03:50,921 - INFO - Successfully fetched 60 rows for BELRISE.NS
2026-04-14 01:03:50,921 - INFO - Data columns: ['Open', 'High', 'Low', 'Close', 'Volume', 'Dividends', 'Stock Splits']
2026-04-14 01:03:50,922 - INFO - Data types: Open            float64
High            float64
Low             float64
Close           float64
Volume            int64
Dividends       float64
Stock Splits    float64
dtype: object
2026-04-14 01:03:50,924 - INFO - MACD: 4.6660, Signal: 2.8425, Hist: 1.8235
2026-04-14 01:03:50,924 - INFO - VWAP: 185.0227, Close: 206.0900, Ratio: 1.1139
2026-04-14 01:03:51,127 - INFO - Successfully fetched 60 rows for BELRISE.NS
2026-04-14 01:03:51,127 - INFO - Data columns: ['Open', 'High', 'Low', 'Close', 'Volume', 'Dividends', 'Stock Splits']
2026-04-14 01:03:51,131 - INFO - Data types: Open            float64
High            float64
Low             float64
Close           float64
Volume            int64
Dividends       float64
Stock Splits    float64
dtype: object
2026-04-14 01:03:51,133 - INFO - MACD: 4.6660, Signal: 2.8425, Hist: 1.8235
2026-04-14 01:03:51,138 - INFO - VWAP: 185.0227, Close: 206.0900, Ratio: 1.1139
2026-04-14 01:03:51,220 - INFO - Successfully fetched 60 rows for BELRISE.NS
2026-04-14 01:03:51,220 - INFO - Data columns: ['Open', 'High', 'Low', 'Close', 'Volume', 'Dividends', 'Stock Splits']
2026-04-14 01:03:51,220 - INFO - Data types: Open            float64
High            float64
Low             float64
Close           float64
Volume            int64
Dividends       float64
Stock Splits    float64
dtype: object
2026-04-14 01:03:52,438 - WARNING - Error fetching from r/stocks: received 401 HTTP response
2026-04-14 01:03:55,612 - WARNING - Error fetching from r/investing: received 401 HTTP response
2026-04-14 01:03:56,944 - WARNING - Error fetching from r/wallstreetbets: received 401 HTTP response
2026-04-14 01:03:58,335 - WARNING - Error fetching from r/indianstreetbets: received 401 HTTP response
2026-04-14 01:04:02,372 - ERROR - Reddit API error: received 401 HTTP response
2026-04-14 02:08:26,315 - INFO - Database initialized.
2026-04-14 02:08:26,318 - INFO - Database initialized.
2026-04-14 02:08:26,318 - WARNING - Telegram not configured. Alerts will only be logged.
2026-04-14 02:08:27,760 - INFO - Scanning 3 stocks in test...
2026-04-14 02:08:28,698 - INFO - Fetched 8 headlines for 'INFY stock India'
2026-04-14 02:08:29,136 - INFO - Fetched 8 headlines for 'HDFCBANK stock India'
2026-04-14 02:08:29,450 - INFO - Fetched 8 headlines for 'INFY NSE'
2026-04-14 02:08:29,718 - INFO - Fetched 8 headlines for 'TCS stock India'
2026-04-14 02:08:30,225 - INFO - Fetched 8 headlines for 'HDFCBANK NSE'
2026-04-14 02:08:30,545 - INFO - Fetched 8 headlines for 'INFY stock'
2026-04-14 02:08:30,722 - INFO - Fetched 8 headlines for 'TCS NSE'
2026-04-14 02:08:31,541 - INFO - Fetched 8 headlines for 'HDFCBANK stock'
2026-04-14 02:08:31,767 - INFO - Fetched 8 headlines for 'TCS stock'
2026-04-14 02:08:50,453 - INFO - Database initialized.
2026-04-14 02:08:50,458 - INFO - Database initialized.
2026-04-14 02:08:50,458 - WARNING - Telegram not configured. Alerts will only be logged.
2026-04-14 02:08:52,204 - INFO - Fetched 8 headlines for 'INFY stock India'
2026-04-14 02:08:52,602 - INFO - Fetched 8 headlines for 'INFY NSE'
2026-04-14 02:08:53,185 - INFO - Fetched 8 headlines for 'INFY stock'
2026-04-14 02:09:35,430 - INFO - Database initialized.
2026-04-14 02:09:35,433 - INFO - Database initialized.
2026-04-14 02:09:35,435 - WARNING - Telegram not configured. Alerts will only be logged.
2026-04-14 02:09:37,591 - INFO - Fetched 8 headlines for 'INFY stock India'
2026-04-14 02:09:38,529 - INFO - Fetched 8 headlines for 'INFY NSE'
2026-04-14 02:09:39,664 - INFO - Fetched 8 headlines for 'Infosys stock'
2026-04-14 02:10:39,648 - INFO - Database initialized.
2026-04-14 02:10:39,650 - INFO - Database initialized.
2026-04-14 02:10:39,650 - WARNING - Telegram not configured. Alerts will only be logged.
2026-04-14 02:10:41,326 - INFO - Fetched 8 headlines for 'INFY stock India'
2026-04-14 02:10:41,715 - INFO - Fetched 8 headlines for 'INFY NSE'
2026-04-14 02:10:42,845 - INFO - Fetched 8 headlines for 'INFY stock'
2026-04-14 02:11:31,032 - INFO - Database initialized.
2026-04-14 02:11:31,035 - INFO - Database initialized.
2026-04-14 02:11:31,035 - WARNING - Telegram not configured. Alerts will only be logged.
2026-04-14 02:11:32,766 - INFO - Fetched 8 headlines for 'INFY stock India'
2026-04-14 02:11:33,198 - INFO - Fetched 8 headlines for 'INFY NSE'
2026-04-14 02:11:33,553 - INFO - Fetched 8 headlines for 'INFY stock'
2026-04-14 02:17:15,388 - INFO - Database initialized.
2026-04-14 02:35:43,897 - INFO - Database initialized.
2026-04-14 02:35:43,898 - INFO - Database initialized.
2026-04-14 02:35:47,181 - INFO - Fetched 8 headlines for 'TCS stock India'
2026-04-14 02:35:47,762 - INFO - Fetched 8 headlines for 'TCS NSE'
2026-04-14 02:35:48,581 - INFO - Fetched 8 headlines for 'TCS stock'
2026-04-14 03:05:27,995 - INFO - Database initialized.
2026-04-14 03:05:28,008 - INFO - Database initialized.
2026-04-14 03:15:12,657 - INFO - Database initialized.
2026-04-14 03:15:12,657 - INFO - Database initialized.
2026-04-14 03:15:13,642 - INFO - Scanning 10 stocks in 'nifty_it'...
2026-04-14 03:15:15,037 - INFO - Fetched 8 headlines for 'TECHM stock India'
2026-04-14 03:15:15,418 - INFO - Fetched 8 headlines for 'INFY stock India'
2026-04-14 03:15:15,566 - INFO - Fetched 8 headlines for 'WIPRO stock India'
2026-04-14 03:15:15,688 - INFO - Fetched 8 headlines for 'TCS stock India'
2026-04-14 03:15:15,920 - INFO - Fetched 8 headlines for 'HCLTECH stock India'
2026-04-14 03:15:16,129 - INFO - Fetched 8 headlines for 'TECHM NSE'
2026-04-14 03:15:16,397 - INFO - Fetched 8 headlines for 'WIPRO NSE'
2026-04-14 03:15:16,642 - INFO - Fetched 8 headlines for 'HCLTECH NSE'
2026-04-14 03:15:16,930 - INFO - Fetched 8 headlines for 'INFY NSE'
2026-04-14 03:15:17,148 - INFO - Fetched 8 headlines for 'TCS NSE'
2026-04-14 03:15:17,421 - INFO - Fetched 8 headlines for 'TECHM stock'
2026-04-14 03:15:17,631 - INFO - Fetched 8 headlines for 'WIPRO stock'
2026-04-14 03:15:17,769 - INFO - Fetched 8 headlines for 'HCLTECH stock'
2026-04-14 03:15:18,147 - INFO - Fetched 8 headlines for 'TCS stock'
2026-04-14 03:15:18,572 - INFO - Fetched 8 headlines for 'INFY stock'
2026-04-14 03:15:18,697 - INFO - Fetched 8 headlines for 'LTIM stock India'
2026-04-14 03:15:19,529 - INFO - Fetched 8 headlines for 'MPHASIS stock India'
2026-04-14 03:15:19,862 - INFO - Fetched 8 headlines for 'COFORGE stock India'
2026-04-14 03:15:19,944 - INFO - Fetched 8 headlines for 'LTIM NSE'
2026-04-14 03:15:20,098 - INFO - Fetched 8 headlines for 'OFSS stock India'
2026-04-14 03:15:20,312 - INFO - Fetched 8 headlines for 'PERSISTENT stock India'
2026-04-14 03:15:20,549 - INFO - Fetched 8 headlines for 'MPHASIS NSE'
2026-04-14 03:15:20,938 - INFO - Fetched 8 headlines for 'COFORGE NSE'
2026-04-14 03:15:21,220 - INFO - Fetched 8 headlines for 'LTIM stock'
2026-04-14 03:15:21,401 - INFO - Fetched 8 headlines for 'PERSISTENT NSE'
2026-04-14 03:15:21,705 - INFO - Fetched 8 headlines for 'MPHASIS stock'
2026-04-14 03:15:21,787 - INFO - Fetched 8 headlines for 'OFSS NSE'
2026-04-14 03:15:22,052 - INFO - Fetched 8 headlines for 'COFORGE stock'
2026-04-14 03:15:22,848 - INFO - Fetched 8 headlines for 'PERSISTENT stock'
2026-04-14 03:15:22,913 - INFO - Fetched 8 headlines for 'OFSS stock'
2026-04-14 03:17:22,915 - INFO - Database initialized.
2026-04-14 03:17:22,921 - INFO - Database initialized.
2026-04-14 03:17:23,889 - INFO - Scanning 20 stocks in 'banking'...
2026-04-14 03:17:25,322 - INFO - Fetched 8 headlines for 'ICICIBANK stock India'
2026-04-14 03:17:25,556 - INFO - Fetched 8 headlines for 'AXISBANK stock India'
2026-04-14 03:17:25,741 - INFO - Fetched 8 headlines for 'KOTAKBANK stock India'
2026-04-14 03:17:26,121 - INFO - Fetched 8 headlines for 'HDFCBANK stock India'
2026-04-14 03:17:26,186 - INFO - Fetched 8 headlines for 'SBIN stock India'
2026-04-14 03:17:26,594 - INFO - Fetched 8 headlines for 'ICICIBANK NSE'
2026-04-14 03:17:26,797 - INFO - Fetched 8 headlines for 'AXISBANK NSE'
2026-04-14 03:17:27,008 - INFO - Fetched 8 headlines for 'KOTAKBANK NSE'
2026-04-14 03:17:27,360 - INFO - Fetched 8 headlines for 'HDFCBANK NSE'
2026-04-14 03:17:27,577 - INFO - Fetched 8 headlines for 'SBIN NSE'
2026-04-14 03:17:27,877 - INFO - Fetched 8 headlines for 'ICICIBANK stock'
2026-04-14 03:17:27,978 - INFO - Fetched 8 headlines for 'AXISBANK stock'
2026-04-14 03:17:28,067 - INFO - Fetched 8 headlines for 'KOTAKBANK stock'
2026-04-14 03:17:28,421 - INFO - Fetched 8 headlines for 'HDFCBANK stock'
2026-04-14 03:17:28,559 - INFO - Fetched 8 headlines for 'SBIN stock'
2026-04-14 03:17:28,820 - INFO - Fetched 8 headlines for 'INDUSINDBK stock India'
2026-04-14 03:17:29,007 - INFO - Fetched 8 headlines for 'FEDERALBNK stock India'
2026-04-14 03:17:29,107 - INFO - Fetched 8 headlines for 'IDFCFIRSTB stock India'
2026-04-14 03:17:29,199 - INFO - Fetched 8 headlines for 'BANDHANBNK stock India'
2026-04-14 03:17:29,294 - INFO - Fetched 8 headlines for 'AUBANK stock India'
2026-04-14 03:17:29,607 - INFO - Fetched 8 headlines for 'INDUSINDBK NSE'
2026-04-14 03:17:29,693 - INFO - Fetched 8 headlines for 'BANDHANBNK NSE'
2026-04-14 03:17:29,770 - INFO - Fetched 8 headlines for 'FEDERALBNK NSE'
2026-04-14 03:17:29,892 - INFO - Fetched 8 headlines for 'IDFCFIRSTB NSE'
2026-04-14 03:17:29,974 - INFO - Fetched 8 headlines for 'AUBANK NSE'
2026-04-14 03:17:30,240 - INFO - Fetched 8 headlines for 'BANDHANBNK stock'
2026-04-14 03:17:30,332 - INFO - Fetched 8 headlines for 'FEDERALBNK stock'
2026-04-14 03:17:30,444 - INFO - Fetched 8 headlines for 'IDFCFIRSTB stock'
2026-04-14 03:17:30,710 - INFO - Fetched 8 headlines for 'INDUSINDBK stock'
2026-04-14 03:17:31,038 - INFO - Fetched 8 headlines for 'AUBANK stock'
2026-04-14 03:17:31,166 - INFO - Fetched 8 headlines for 'BAJFINANCE stock India'
2026-04-14 03:17:31,442 - INFO - Fetched 8 headlines for 'BAJAJFINSV stock India'
2026-04-14 03:17:31,726 - INFO - Fetched 8 headlines for 'CHOLAFIN stock India'
2026-04-14 03:17:31,921 - INFO - Fetched 8 headlines for 'BAJFINANCE NSE'
2026-04-14 03:17:32,260 - INFO - Fetched 8 headlines for 'MUTHOOTFIN stock India'
2026-04-14 03:17:32,376 - INFO - Fetched 8 headlines for 'CHOLAFIN NSE'
2026-04-14 03:17:32,542 - INFO - Fetched 8 headlines for 'BAJAJFINSV NSE'
2026-04-14 03:17:32,809 - INFO - Fetched 8 headlines for 'MANAPPURAM stock India'
2026-04-14 03:17:33,077 - INFO - Fetched 8 headlines for 'BAJFINANCE stock'
2026-04-14 03:17:33,158 - INFO - Fetched 8 headlines for 'MUTHOOTFIN NSE'
2026-04-14 03:17:33,321 - INFO - Fetched 8 headlines for 'BAJAJFINSV stock'
2026-04-14 03:17:33,412 - INFO - Fetched 8 headlines for 'CHOLAFIN stock'
2026-04-14 03:17:34,093 - INFO - Fetched 8 headlines for 'MANAPPURAM NSE'
2026-04-14 03:17:34,291 - INFO - Fetched 8 headlines for 'LICHSGFIN stock India'
2026-04-14 03:17:34,345 - INFO - Fetched 8 headlines for 'MUTHOOTFIN stock'
2026-04-14 03:17:34,818 - INFO - Fetched 8 headlines for 'SBILIFE stock India'
2026-04-14 03:17:34,838 - INFO - Fetched 8 headlines for 'M&MFIN stock India'
2026-04-14 03:17:35,115 - INFO - Fetched 8 headlines for 'LICHSGFIN NSE'
2026-04-14 03:17:35,304 - INFO - Fetched 8 headlines for 'MANAPPURAM stock'
2026-04-14 03:17:35,717 - INFO - Fetched 8 headlines for 'HDFCLIFE stock India'
2026-04-14 03:17:35,844 - INFO - Fetched 8 headlines for 'LICHSGFIN stock'
2026-04-14 03:17:35,935 - INFO - Fetched 8 headlines for 'M&MFIN NSE'
2026-04-14 03:17:36,087 - INFO - Fetched 8 headlines for 'ICICIPRULI stock India'
2026-04-14 03:17:36,362 - INFO - Fetched 8 headlines for 'SBILIFE NSE'
2026-04-14 03:17:36,544 - INFO - Fetched 8 headlines for 'M&MFIN stock'
2026-04-14 03:17:36,701 - INFO - Fetched 8 headlines for 'HDFCLIFE NSE'
2026-04-14 03:17:36,837 - INFO - Fetched 8 headlines for 'ICICIPRULI NSE'
2026-04-14 03:17:37,166 - INFO - Fetched 8 headlines for 'SBILIFE stock'
2026-04-14 03:17:37,508 - INFO - Fetched 8 headlines for 'ICICIPRULI stock'
2026-04-14 03:17:37,910 - INFO - Fetched 8 headlines for 'HDFCLIFE stock'
2026-04-14 03:18:19,067 - INFO - Database initialized.
2026-04-14 03:18:19,069 - INFO - Database initialized.
2026-04-14 03:18:19,841 - INFO - Scanning 20 stocks in 'banking'...
2026-04-14 03:18:20,746 - INFO - Fetched 8 headlines for 'KOTAKBANK stock India'
2026-04-14 03:18:21,149 - INFO - Fetched 8 headlines for 'SBIN stock India'
2026-04-14 03:18:21,268 - INFO - Fetched 8 headlines for 'AXISBANK stock India'
2026-04-14 03:18:21,660 - INFO - Fetched 8 headlines for 'HDFCBANK stock India'
2026-04-14 03:18:21,699 - INFO - Fetched 8 headlines for 'KOTAKBANK NSE'
2026-04-14 03:18:22,027 - INFO - Fetched 8 headlines for 'ICICIBANK stock India'
2026-04-14 03:18:22,267 - INFO - Fetched 8 headlines for 'SBIN NSE'
2026-04-14 03:18:22,572 - INFO - Fetched 8 headlines for 'AXISBANK NSE'
2026-04-14 03:18:22,826 - INFO - Fetched 8 headlines for 'KOTAKBANK stock'
2026-04-14 03:18:23,071 - INFO - Fetched 8 headlines for 'HDFCBANK NSE'
2026-04-14 03:18:23,251 - INFO - Fetched 8 headlines for 'ICICIBANK NSE'
2026-04-14 03:18:23,662 - INFO - Fetched 8 headlines for 'SBIN stock'
2026-04-14 03:18:23,859 - INFO - Fetched 8 headlines for 'AXISBANK stock'
2026-04-14 03:18:24,049 - INFO - Fetched 8 headlines for 'HDFCBANK stock'
2026-04-14 03:18:24,230 - INFO - Fetched 8 headlines for 'INDUSINDBK stock India'
2026-04-14 03:18:24,599 - INFO - Fetched 8 headlines for 'ICICIBANK stock'
2026-04-14 03:18:24,831 - INFO - Fetched 8 headlines for 'INDUSINDBK NSE'
2026-04-14 03:18:25,042 - INFO - Fetched 8 headlines for 'FEDERALBNK stock India'
2026-04-14 03:18:25,333 - INFO - Fetched 8 headlines for 'IDFCFIRSTB stock India'
2026-04-14 03:18:25,618 - INFO - Fetched 8 headlines for 'AUBANK stock India'
2026-04-14 03:18:25,638 - INFO - Fetched 8 headlines for 'INDUSINDBK stock'
2026-04-14 03:18:25,820 - INFO - Fetched 8 headlines for 'BANDHANBNK stock India'
2026-04-14 03:18:25,916 - INFO - Fetched 8 headlines for 'IDFCFIRSTB NSE'
2026-04-14 03:18:26,195 - INFO - Fetched 8 headlines for 'FEDERALBNK NSE'
2026-04-14 03:18:26,477 - INFO - Fetched 8 headlines for 'AUBANK NSE'
2026-04-14 03:18:26,515 - INFO - Fetched 8 headlines for 'BANDHANBNK NSE'
2026-04-14 03:18:26,835 - INFO - Fetched 8 headlines for 'IDFCFIRSTB stock'
2026-04-14 03:18:26,942 - INFO - Fetched 8 headlines for 'FEDERALBNK stock'
2026-04-14 03:18:27,050 - INFO - Fetched 8 headlines for 'BAJFINANCE stock India'
2026-04-14 03:18:27,271 - INFO - Fetched 8 headlines for 'AUBANK stock'
2026-04-14 03:18:27,542 - INFO - Fetched 8 headlines for 'BANDHANBNK stock'
2026-04-14 03:18:27,756 - INFO - Fetched 8 headlines for 'BAJFINANCE NSE'
2026-04-14 03:18:27,761 - INFO - Fetched 8 headlines for 'BAJAJFINSV stock India'
2026-04-14 03:18:28,048 - INFO - Fetched 8 headlines for 'CHOLAFIN stock India'
2026-04-14 03:18:28,232 - INFO - Fetched 8 headlines for 'BAJAJFINSV NSE'
2026-04-14 03:18:28,331 - INFO - Fetched 8 headlines for 'CHOLAFIN NSE'
2026-04-14 03:18:28,449 - INFO - Fetched 8 headlines for 'MUTHOOTFIN stock India'
2026-04-14 03:18:28,577 - INFO - Fetched 8 headlines for 'BAJFINANCE stock'
2026-04-14 03:18:28,705 - INFO - Fetched 8 headlines for 'MANAPPURAM stock India'
2026-04-14 03:18:28,826 - INFO - Fetched 8 headlines for 'BAJAJFINSV stock'
2026-04-14 03:18:28,858 - INFO - Fetched 8 headlines for 'MUTHOOTFIN NSE'
2026-04-14 03:18:29,142 - INFO - Fetched 8 headlines for 'CHOLAFIN stock'
2026-04-14 03:18:29,498 - INFO - Fetched 8 headlines for 'MUTHOOTFIN stock'
2026-04-14 03:18:29,498 - INFO - Fetched 8 headlines for 'MANAPPURAM NSE'
2026-04-14 03:18:29,809 - INFO - Fetched 8 headlines for 'LICHSGFIN stock India'
2026-04-14 03:18:29,814 - INFO - Fetched 8 headlines for 'M&MFIN stock India'
2026-04-14 03:18:30,293 - INFO - Fetched 8 headlines for 'MANAPPURAM stock'
2026-04-14 03:18:30,458 - INFO - Fetched 8 headlines for 'SBILIFE stock India'
2026-04-14 03:18:30,515 - INFO - Fetched 8 headlines for 'LICHSGFIN NSE'
2026-04-14 03:18:30,795 - INFO - Fetched 8 headlines for 'M&MFIN NSE'
2026-04-14 03:18:31,033 - INFO - Fetched 8 headlines for 'HDFCLIFE stock India'
2026-04-14 03:18:31,221 - INFO - Fetched 8 headlines for 'LICHSGFIN stock'
2026-04-14 03:18:31,413 - INFO - Fetched 8 headlines for 'SBILIFE NSE'
2026-04-14 03:18:31,469 - INFO - Fetched 8 headlines for 'ICICIPRULI stock India'
2026-04-14 03:18:31,742 - INFO - Fetched 8 headlines for 'M&MFIN stock'
2026-04-14 03:18:31,876 - INFO - Fetched 8 headlines for 'HDFCLIFE NSE'
2026-04-14 03:18:32,063 - INFO - Fetched 8 headlines for 'ICICIPRULI NSE'
2026-04-14 03:18:32,280 - INFO - Fetched 8 headlines for 'SBILIFE stock'
2026-04-14 03:18:32,469 - INFO - Fetched 8 headlines for 'HDFCLIFE stock'
2026-04-14 03:18:32,557 - INFO - Fetched 8 headlines for 'ICICIPRULI stock'
2026-04-14 21:13:08,193 - INFO - Database initialized.
2026-04-14 21:13:08,193 - INFO - Database initialized.
2026-04-14 21:13:19,250 - INFO - Fetched 8 headlines for 'TATAPOWER stock India'
2026-04-14 21:13:20,669 - INFO - Fetched 8 headlines for 'TATAPOWER NSE'
2026-04-14 21:13:21,902 - INFO - Fetched 8 headlines for 'TATAPOWER stock'
2026-04-14 21:13:41,805 - INFO - Database initialized.
2026-04-14 21:13:41,813 - INFO - Database initialized.
2026-04-14 21:13:44,810 - INFO - Fetched 8 headlines for 'MARUTI stock India'
2026-04-14 21:13:46,314 - INFO - Fetched 8 headlines for 'MARUTI NSE'
2026-04-14 21:13:47,665 - INFO - Fetched 8 headlines for 'MARUTI stock'
2026-04-15 09:52:53,314 - INFO - Database initialized.
2026-04-15 09:52:53,316 - INFO - Database initialized.
2026-04-15 09:52:55,813 - INFO - Fetched 8 headlines for 'INFY stock India'
2026-04-15 09:52:57,011 - INFO - Fetched 8 headlines for 'INFY NSE'
2026-04-15 09:52:58,116 - INFO - Fetched 8 headlines for 'INFY stock'
2026-04-15 23:21:56,888 - INFO - Database initialized.
2026-04-15 23:21:56,890 - INFO - Database initialized.
2026-04-15 23:21:58,528 - ERROR - HTTP Error 404: Not Found
2026-04-15 23:21:59,148 - ERROR - $TATAMOTORS.NS: possibly delisted; no price data found  (period=60d) (Yahoo error = "No data found, symbol may be delisted")
2026-04-15 23:24:36,003 - INFO - Database initialized.
2026-04-15 23:24:36,004 - INFO - Database initialized.
2026-04-15 23:24:36,908 - INFO - Phase 1: Technical pre-filter on 50 stocks (20 workers)...
2026-04-15 23:24:38,074 - ERROR - HTTP Error 404: Not Found
2026-04-15 23:24:38,688 - ERROR - $TATAMOTORS.NS: possibly delisted; no price data found  (period=60d) (Yahoo error = "No data found, symbol may be delisted")
2026-04-15 23:24:38,717 - INFO - Phase 2: Full analysis + news on 19 candidates (5 workers)...
2026-04-15 23:24:39,748 - INFO - Fetched 8 headlines for 'DIVISLAB stock India'
2026-04-15 23:24:39,857 - INFO - Fetched 8 headlines for 'SHREECEM stock India'
2026-04-15 23:24:39,936 - INFO - Fetched 8 headlines for 'SBILIFE stock India'
2026-04-15 23:24:40,002 - INFO - Fetched 8 headlines for 'APOLLOHOSP stock India'
2026-04-15 23:24:40,080 - INFO - Fetched 8 headlines for 'TATAPOWER stock India'
2026-04-15 23:24:40,395 - INFO - Fetched 8 headlines for 'DIVISLAB NSE'
2026-04-15 23:24:40,609 - INFO - Fetched 8 headlines for 'SHREECEM NSE'
2026-04-15 23:24:40,810 - INFO - Fetched 8 headlines for 'TATAPOWER NSE'
2026-04-15 23:24:40,864 - INFO - Fetched 8 headlines for 'APOLLOHOSP NSE'
2026-04-15 23:24:40,940 - INFO - Fetched 8 headlines for 'SBILIFE NSE'
2026-04-15 23:24:41,372 - INFO - Fetched 8 headlines for 'SHREECEM stock'
2026-04-15 23:24:41,452 - INFO - Market regime: BULLISH | Nifty 24231 vs MA20 23265
2026-04-15 23:24:41,548 - INFO - Fetched 8 headlines for 'DIVISLAB stock'
2026-04-15 23:24:41,603 - INFO - Fetched 8 headlines for 'TATAPOWER stock'
2026-04-15 23:24:41,833 - INFO - Fetched 8 headlines for 'APOLLOHOSP stock'
2026-04-15 23:24:41,938 - INFO - Fetched 8 headlines for 'SBILIFE stock'
2026-04-15 23:24:42,456 - INFO - Fetched 8 headlines for 'ADANIPORTS stock India'
2026-04-15 23:24:42,590 - INFO - Fetched 8 headlines for 'POWERGRID stock India'
2026-04-15 23:24:42,637 - INFO - Fetched 8 headlines for 'TATACONSUM stock India'
2026-04-15 23:24:42,707 - INFO - Fetched 8 headlines for 'ICICIBANK stock India'
2026-04-15 23:24:43,016 - INFO - Fetched 8 headlines for 'BAJAJ-AUTO stock India'
2026-04-15 23:24:43,293 - INFO - Fetched 8 headlines for 'ADANIPORTS NSE'
2026-04-15 23:24:43,414 - INFO - Fetched 8 headlines for 'TATACONSUM NSE'
2026-04-15 23:24:43,518 - INFO - Fetched 8 headlines for 'POWERGRID NSE'
2026-04-15 23:24:43,601 - INFO - Fetched 8 headlines for 'ICICIBANK NSE'
2026-04-15 23:24:43,698 - INFO - Fetched 8 headlines for 'BAJAJ-AUTO NSE'
2026-04-15 23:24:44,263 - INFO - Fetched 8 headlines for 'TATACONSUM stock'
2026-04-15 23:24:44,320 - INFO - Fetched 8 headlines for 'POWERGRID stock'
2026-04-15 23:24:44,398 - INFO - Fetched 8 headlines for 'ADANIPORTS stock'
2026-04-15 23:24:44,542 - INFO - Fetched 8 headlines for 'ICICIBANK stock'
2026-04-15 23:24:44,703 - INFO - Fetched 8 headlines for 'TATASTEEL stock India'
2026-04-15 23:24:44,784 - INFO - Fetched 8 headlines for 'BAJAJ-AUTO stock'
2026-04-15 23:24:45,232 - INFO - Fetched 8 headlines for 'NESTLEIND stock India'
2026-04-15 23:24:45,502 - INFO - Fetched 8 headlines for 'ASIANPAINT stock India'
2026-04-15 23:24:45,633 - INFO - Fetched 8 headlines for 'WIPRO stock India'
2026-04-15 23:24:45,706 - INFO - Fetched 8 headlines for 'TATASTEEL NSE'
2026-04-15 23:24:45,900 - INFO - Fetched 8 headlines for 'TITAN stock India'
2026-04-15 23:24:46,018 - INFO - Fetched 8 headlines for 'NESTLEIND NSE'
2026-04-15 23:24:46,475 - INFO - Fetched 8 headlines for 'ASIANPAINT NSE'
2026-04-15 23:24:46,617 - INFO - Fetched 8 headlines for 'WIPRO NSE'
2026-04-15 23:24:46,696 - INFO - Fetched 8 headlines for 'TATASTEEL stock'
2026-04-15 23:24:46,836 - INFO - Fetched 8 headlines for 'NESTLEIND stock'
2026-04-15 23:24:46,889 - INFO - Fetched 8 headlines for 'TITAN NSE'
2026-04-15 23:24:47,429 - INFO - Fetched 8 headlines for 'ASIANPAINT stock'
2026-04-15 23:24:47,569 - INFO - Fetched 8 headlines for 'TITAN stock'
2026-04-15 23:24:47,696 - INFO - Fetched 8 headlines for 'WIPRO stock'
2026-04-15 23:24:47,957 - INFO - Fetched 8 headlines for 'TECHM stock India'
2026-04-15 23:24:48,142 - INFO - Fetched 8 headlines for 'HCLTECH stock India'
2026-04-15 23:24:48,505 - INFO - Fetched 8 headlines for 'AXISBANK stock India'
2026-04-15 23:24:48,766 - INFO - Fetched 8 headlines for 'LT stock India'
2026-04-15 23:24:48,835 - INFO - Fetched 8 headlines for 'TECHM NSE'
2026-04-15 23:24:49,453 - INFO - Fetched 8 headlines for 'HCLTECH NSE'
2026-04-15 23:24:49,532 - INFO - Fetched 8 headlines for 'AXISBANK NSE'
2026-04-15 23:24:49,687 - INFO - Fetched 8 headlines for 'LT NSE'
2026-04-15 23:24:49,793 - INFO - Fetched 8 headlines for 'TECHM stock'
2026-04-15 23:24:50,514 - INFO - Fetched 8 headlines for 'AXISBANK stock'
2026-04-15 23:24:50,570 - INFO - Fetched 8 headlines for 'HCLTECH stock'
2026-04-15 23:24:50,635 - INFO - Fetched 8 headlines for 'LT stock'
2026-04-15 23:24:50,668 - INFO - Phase 2 done in 11s: 1 signals above score 60.0
2026-04-15 23:24:50,668 - INFO - Total scan time: 13s for 50 stocks
2026-04-15 23:24:50,678 - INFO - Added TATAPOWER.NS to watchlist (id=4)
2026-04-15 23:24:50,681 - INFO - Phase 1: Technical pre-filter on 20 stocks (20 workers)...
2026-04-15 23:24:51,055 - INFO - Phase 2: Full analysis + news on 6 candidates (5 workers)...
2026-04-15 23:24:51,411 - INFO - Fetched 8 headlines for 'BANDHANBNK stock India'
2026-04-15 23:24:51,763 - INFO - Fetched 8 headlines for 'FEDERALBNK stock India'
2026-04-15 23:24:52,078 - INFO - Fetched 8 headlines for 'MUTHOOTFIN stock India'
2026-04-15 23:24:52,170 - INFO - Fetched 8 headlines for 'BANDHANBNK NSE'
2026-04-15 23:24:52,529 - INFO - Fetched 8 headlines for 'FEDERALBNK NSE'
2026-04-15 23:24:52,883 - INFO - Fetched 8 headlines for 'MUTHOOTFIN NSE'
2026-04-15 23:24:53,215 - INFO - Fetched 8 headlines for 'BANDHANBNK stock'
2026-04-15 23:24:53,251 - INFO - Fetched 8 headlines for 'FEDERALBNK stock'
2026-04-15 23:24:53,391 - INFO - Fetched 8 headlines for 'MUTHOOTFIN stock'
2026-04-15 23:24:53,407 - INFO - Phase 2 done in 2s: 0 signals above score 60.0
2026-04-15 23:24:53,408 - INFO - Total scan time: 2s for 20 stocks
2026-04-15 23:24:53,408 - INFO - Phase 1: Technical pre-filter on 10 stocks (20 workers)...
2026-04-15 23:24:53,740 - INFO - Phase 2: Full analysis + news on 4 candidates (5 workers)...
2026-04-15 23:24:54,937 - INFO - Fetched 8 headlines for 'MPHASIS stock India'
2026-04-15 23:24:55,948 - INFO - Fetched 8 headlines for 'MPHASIS NSE'
2026-04-15 23:24:56,924 - INFO - Fetched 8 headlines for 'MPHASIS stock'
2026-04-15 23:24:56,940 - INFO - Phase 2 done in 3s: 0 signals above score 60.0
2026-04-15 23:24:56,940 - INFO - Total scan time: 3s for 10 stocks
2026-04-15 23:24:56,942 - INFO - Phase 1: Technical pre-filter on 14 stocks (20 workers)...
2026-04-15 23:24:57,285 - INFO - Phase 2: Full analysis + news on 9 candidates (5 workers)...
2026-04-15 23:24:58,283 - INFO - Fetched 8 headlines for 'ALKEM stock India'
2026-04-15 23:24:58,411 - INFO - Fetched 8 headlines for 'ZYDUSLIFE stock India'
2026-04-15 23:24:58,506 - INFO - Fetched 8 headlines for 'LUPIN stock India'
2026-04-15 23:24:58,589 - INFO - Fetched 8 headlines for 'GLENMARK stock India'
2026-04-15 23:24:58,647 - INFO - Fetched 8 headlines for 'AUROPHARMA stock India'
2026-04-15 23:24:58,787 - INFO - Fetched 8 headlines for 'ALKEM NSE'
2026-04-15 23:24:59,083 - INFO - Fetched 8 headlines for 'ZYDUSLIFE NSE'
2026-04-15 23:24:59,444 - INFO - Fetched 8 headlines for 'AUROPHARMA NSE'
2026-04-15 23:24:59,524 - INFO - Fetched 8 headlines for 'LUPIN NSE'
2026-04-15 23:24:59,608 - INFO - Fetched 8 headlines for 'GLENMARK NSE'
2026-04-15 23:24:59,812 - INFO - Fetched 8 headlines for 'ALKEM stock'
2026-04-15 23:24:59,987 - INFO - Fetched 8 headlines for 'ZYDUSLIFE stock'
2026-04-15 23:25:00,235 - INFO - Fetched 8 headlines for 'AUROPHARMA stock'
2026-04-15 23:25:00,418 - INFO - Fetched 8 headlines for 'LUPIN stock'
2026-04-15 23:25:00,487 - INFO - Fetched 8 headlines for 'TORNTPHARM stock India'
2026-04-15 23:25:00,574 - INFO - Fetched 8 headlines for 'GLENMARK stock'
2026-04-15 23:25:00,821 - INFO - Fetched 8 headlines for 'LAURUSLABS stock India'
2026-04-15 23:25:01,215 - INFO - Fetched 8 headlines for 'TORNTPHARM NSE'
2026-04-15 23:25:01,759 - INFO - Fetched 8 headlines for 'LAURUSLABS NSE'
2026-04-15 23:25:01,912 - INFO - Fetched 8 headlines for 'TORNTPHARM stock'
2026-04-15 23:25:02,818 - INFO - Fetched 8 headlines for 'LAURUSLABS stock'
2026-04-15 23:25:02,833 - INFO - Phase 2 done in 5s: 0 signals above score 60.0
2026-04-15 23:25:02,833 - INFO - Total scan time: 5s for 14 stocks
2026-04-15 23:25:02,833 - INFO - Phase 1: Technical pre-filter on 14 stocks (20 workers)...
2026-04-15 23:25:03,369 - ERROR - HTTP Error 404: Not Found
2026-04-15 23:25:03,984 - ERROR - $TATAMOTORS.NS: possibly delisted; no price data found  (period=60d) (Yahoo error = "No data found, symbol may be delisted")
2026-04-15 23:25:03,997 - INFO - Phase 2: Full analysis + news on 6 candidates (5 workers)...
2026-04-15 23:25:04,572 - INFO - Fetched 8 headlines for 'MOTHERSON stock India'
2026-04-15 23:25:05,050 - INFO - Fetched 8 headlines for 'BHARATFORG stock India'
2026-04-15 23:25:05,146 - INFO - Fetched 8 headlines for 'TIINDIA stock India'
2026-04-15 23:25:05,200 - INFO - Fetched 8 headlines for 'BOSCHLTD stock India'
2026-04-15 23:25:05,258 - INFO - Fetched 8 headlines for 'APOLLOTYRE stock India'
2026-04-15 23:25:05,557 - INFO - Fetched 8 headlines for 'MOTHERSON NSE'
2026-04-15 23:25:05,851 - INFO - Fetched 8 headlines for 'BHARATFORG NSE'
2026-04-15 23:25:05,899 - INFO - Fetched 8 headlines for 'TIINDIA NSE'
2026-04-15 23:25:05,982 - INFO - Fetched 8 headlines for 'APOLLOTYRE NSE'
2026-04-15 23:25:06,030 - INFO - Fetched 8 headlines for 'BOSCHLTD NSE'
2026-04-15 23:25:06,296 - INFO - Fetched 8 headlines for 'MOTHERSON stock'
2026-04-15 23:25:06,330 - INFO - Fetched 8 headlines for 'BHARATFORG stock'
2026-04-15 23:25:06,724 - INFO - Fetched 8 headlines for 'TIINDIA stock'
2026-04-15 23:25:06,787 - INFO - Fetched 8 headlines for 'APOLLOTYRE stock'
2026-04-15 23:25:07,228 - INFO - Fetched 8 headlines for 'BOSCHLTD stock'
2026-04-15 23:25:07,254 - INFO - Phase 2 done in 3s: 0 signals above score 60.0
2026-04-15 23:25:07,254 - INFO - Total scan time: 4s for 14 stocks
2026-04-15 23:25:07,257 - INFO - Phase 1: Technical pre-filter on 17 stocks (20 workers)...
2026-04-15 23:25:07,632 - INFO - Phase 2: Full analysis + news on 12 candidates (5 workers)...
2026-04-15 23:25:07,709 - INFO - FILTERED TATAPOWER.NS: Already alerted today
2026-04-15 23:25:08,579 - INFO - Fetched 8 headlines for 'POLYCAB stock India'
2026-04-15 23:25:08,728 - INFO - Fetched 8 headlines for 'JSWENERGY stock India'
2026-04-15 23:25:08,806 - INFO - Fetched 8 headlines for 'SIEMENS stock India'
2026-04-15 23:25:08,926 - INFO - Fetched 8 headlines for 'DIXON stock India'
2026-04-15 23:25:09,017 - INFO - Fetched 8 headlines for 'ABB stock India'
2026-04-15 23:25:09,217 - INFO - Fetched 8 headlines for 'POLYCAB NSE'
2026-04-15 23:25:09,677 - INFO - Fetched 8 headlines for 'DIXON NSE'
2026-04-15 23:25:09,816 - INFO - Fetched 8 headlines for 'JSWENERGY NSE'
2026-04-15 23:25:09,841 - INFO - Fetched 8 headlines for 'ABB NSE'
2026-04-15 23:25:09,976 - INFO - Fetched 8 headlines for 'SIEMENS NSE'
2026-04-15 23:25:10,057 - INFO - Fetched 8 headlines for 'POLYCAB stock'
2026-04-15 23:25:10,488 - INFO - Fetched 8 headlines for 'DIXON stock'
2026-04-15 23:25:10,592 - INFO - Fetched 8 headlines for 'JSWENERGY stock'
2026-04-15 23:25:10,863 - INFO - Fetched 8 headlines for 'ABB stock'
2026-04-15 23:25:10,890 - INFO - Fetched 8 headlines for 'CUMMINSIND stock India'
2026-04-15 23:25:10,978 - INFO - Fetched 8 headlines for 'SIEMENS stock'
2026-04-15 23:25:11,443 - INFO - Fetched 8 headlines for 'CONCOR stock India'
2026-04-15 23:25:11,593 - INFO - Fetched 8 headlines for 'BHEL stock India'
2026-04-15 23:25:11,782 - INFO - Fetched 8 headlines for 'CUMMINSIND NSE'
2026-04-15 23:25:12,026 - INFO - Fetched 8 headlines for 'CONCOR NSE'
2026-04-15 23:25:12,173 - INFO - Fetched 8 headlines for 'CUMMINSIND stock'
2026-04-15 23:25:12,602 - INFO - Fetched 8 headlines for 'BHEL NSE'
2026-04-15 23:25:13,187 - INFO - Fetched 8 headlines for 'CONCOR stock'
2026-04-15 23:25:13,322 - INFO - Fetched 8 headlines for 'BHEL stock'
2026-04-15 23:25:13,337 - INFO - Phase 2 done in 5s: 1 signals above score 60.0
2026-04-15 23:25:13,338 - INFO - Total scan time: 6s for 17 stocks
2026-04-15 23:25:13,349 - INFO - Added SIEMENS.NS to watchlist (id=5)
2026-04-15 23:25:13,351 - INFO - Phase 1: Technical pre-filter on 15 stocks (20 workers)...
2026-04-15 23:25:14,234 - ERROR - $MCDOWELL-N.NS: possibly delisted; no price data found  (period=60d) (Yahoo error = "No data found, symbol may be delisted")
2026-04-15 23:25:14,245 - INFO - Phase 2: Full analysis + news on 5 candidates (5 workers)...
2026-04-15 23:25:15,260 - INFO - Fetched 8 headlines for 'VBL stock India'
2026-04-15 23:25:15,436 - INFO - Fetched 8 headlines for 'MARICO stock India'
2026-04-15 23:25:16,193 - INFO - Fetched 8 headlines for 'VBL NSE'
2026-04-15 23:25:16,262 - INFO - Fetched 8 headlines for 'MARICO NSE'
2026-04-15 23:25:16,885 - INFO - Fetched 8 headlines for 'VBL stock'
2026-04-15 23:25:17,214 - INFO - Fetched 8 headlines for 'MARICO stock'
2026-04-15 23:25:17,229 - INFO - Phase 2 done in 2s: 0 signals above score 60.0
2026-04-15 23:25:17,229 - INFO - Total scan time: 3s for 15 stocks
2026-04-15 23:25:17,231 - INFO - Phase 1: Technical pre-filter on 10 stocks (20 workers)...
2026-04-15 23:25:17,569 - INFO - Phase 2: Full analysis + news on 4 candidates (5 workers)...
2026-04-15 23:25:18,352 - INFO - Fetched 8 headlines for 'NMDC stock India'
2026-04-15 23:25:18,441 - INFO - Fetched 8 headlines for 'HINDCOPPER stock India'
2026-04-15 23:25:18,771 - INFO - Fetched 8 headlines for 'SAIL stock India'
2026-04-15 23:25:19,092 - INFO - Fetched 8 headlines for 'NMDC NSE'
2026-04-15 23:25:19,347 - INFO - Fetched 8 headlines for 'HINDCOPPER NSE'
2026-04-15 23:25:19,719 - INFO - Fetched 8 headlines for 'SAIL NSE'
2026-04-15 23:25:20,007 - INFO - Fetched 8 headlines for 'NMDC stock'
2026-04-15 23:25:20,325 - INFO - Fetched 8 headlines for 'HINDCOPPER stock'
2026-04-15 23:25:20,820 - INFO - Fetched 8 headlines for 'SAIL stock'
2026-04-15 23:25:20,838 - INFO - Phase 2 done in 3s: 0 signals above score 60.0
2026-04-15 23:25:20,838 - INFO - Total scan time: 3s for 10 stocks
2026-04-15 23:25:20,839 - INFO - Phase 1: Technical pre-filter on 20 stocks (20 workers)...
2026-04-15 23:25:21,519 - INFO - Phase 2: Full analysis + news on 9 candidates (5 workers)...
2026-04-15 23:25:22,548 - INFO - Fetched 8 headlines for 'DEEPAKNTR stock India'
2026-04-15 23:25:22,592 - INFO - Fetched 8 headlines for 'NAVINFLUOR stock India'
2026-04-15 23:25:22,674 - INFO - Fetched 8 headlines for 'ASTRAL stock India'
2026-04-15 23:25:22,753 - INFO - Fetched 8 headlines for 'DLF stock India'
2026-04-15 23:25:22,962 - INFO - Fetched 8 headlines for 'INDIGO stock India'
2026-04-15 23:25:23,242 - INFO - Fetched 8 headlines for 'ASTRAL NSE'
2026-04-15 23:25:23,294 - INFO - Fetched 8 headlines for 'DEEPAKNTR NSE'
2026-04-15 23:25:23,341 - INFO - Fetched 8 headlines for 'NAVINFLUOR NSE'
2026-04-15 23:25:23,715 - INFO - Fetched 8 headlines for 'DEEPAKNTR stock'
2026-04-15 23:25:23,852 - INFO - Fetched 8 headlines for 'NAVINFLUOR stock'
2026-04-15 23:25:23,916 - INFO - Fetched 8 headlines for 'DLF NSE'
2026-04-15 23:25:24,042 - INFO - Fetched 8 headlines for 'INDIGO NSE'
2026-04-15 23:25:24,236 - INFO - Fetched 8 headlines for 'ASTRAL stock'
2026-04-15 23:25:24,433 - INFO - Fetched 8 headlines for 'KANSAINER stock India'
2026-04-15 23:25:24,829 - INFO - Fetched 8 headlines for 'INDIAMART stock India'
2026-04-15 23:25:24,994 - INFO - Fetched 8 headlines for 'INDIGO stock'
2026-04-15 23:25:25,021 - INFO - Fetched 8 headlines for 'GODREJPROP stock India'
2026-04-15 23:25:25,112 - INFO - Fetched 8 headlines for 'DLF stock'
2026-04-15 23:25:25,132 - INFO - Fetched 8 headlines for 'KANSAINER NSE'
2026-04-15 23:25:25,643 - INFO - Fetched 8 headlines for 'INDIAMART NSE'
2026-04-15 23:25:25,836 - INFO - Fetched 8 headlines for 'KANSAINER stock'
2026-04-15 23:25:25,875 - INFO - Fetched 8 headlines for 'GODREJPROP NSE'
2026-04-15 23:25:26,642 - INFO - Fetched 8 headlines for 'GODREJPROP stock'
2026-04-15 23:25:26,778 - INFO - Fetched 8 headlines for 'INDIAMART stock'
2026-04-15 23:25:26,794 - INFO - Phase 2 done in 5s: 0 signals above score 60.0
2026-04-15 23:25:26,794 - INFO - Total scan time: 5s for 20 stocks
